Base path: C:/Program Files/Unity/Editor/Data
Cmd: initializeCompiler
Cmd: compileSnippet
  api=4 type=0 insize=4816 outsize=3294 kw= pd=UNITY_NO_DXT5nm UNITY_ENABLE_REFLECTION_BUFFERS UNITY_NO_SCREENSPACE_SHADOWS UNITY_PBS_USE_BRDF2 SHADER_API_DESKTOP UNITY_HARDWARE_TIER3 UNITY_COLORSPACE_GAMMA ok=1
Cmd: compileSnippet
  api=4 type=1 insize=4816 outsize=478 kw= pd=UNITY_NO_DXT5nm UNITY_ENABLE_REFLECTION_BUFFERS UNITY_NO_SCREENSPACE_SHADOWS UNITY_PBS_USE_BRDF2 SHADER_API_DESKTOP UNITY_HARDWARE_TIER3 UNITY_COLORSPACE_GAMMA ok=1
Cmd: compileSnippet
  api=4 type=0 insize=802 outsize=1534 kw=SHADOWS_DEPTH _ALPHATEST_ON pd=UNITY_NO_DXT5nm UNITY_ENABLE_REFLECTION_BUFFERS UNITY_NO_SCREENSPACE_SHADOWS UNITY_PBS_USE_BRDF2 SHADER_API_DESKTOP UNITY_HARDWARE_TIER3 UNITY_COLORSPACE_GAMMA ok=1
Cmd: compileSnippet
  api=4 type=1 insize=802 outsize=406 kw=SHADOWS_DEPTH _ALPHATEST_ON pd=UNITY_NO_DXT5nm UNITY_ENABLE_REFLECTION_BUFFERS UNITY_NO_SCREENSPACE_SHADOWS UNITY_PBS_USE_BRDF2 SHADER_API_DESKTOP UNITY_HARDWARE_TIER3 UNITY_COLORSPACE_GAMMA ok=1
Cmd: compileSnippet
  api=4 type=0 insize=1097 outsize=1874 kw=DIRECTIONAL _ALPHATEST_ON pd=UNITY_NO_DXT5nm UNITY_ENABLE_REFLECTION_BUFFERS UNITY_NO_SCREENSPACE_SHADOWS UNITY_PBS_USE_BRDF2 SHADER_API_DESKTOP UNITY_HARDWARE_TIER3 UNITY_COLORSPACE_GAMMA ok=1
Cmd: compileSnippet
  api=4 type=1 insize=1097 outsize=4526 kw=DIRECTIONAL _ALPHATEST_ON pd=UNITY_NO_DXT5nm UNITY_ENABLE_REFLECTION_BUFFERS UNITY_NO_SCREENSPACE_SHADOWS UNITY_PBS_USE_BRDF2 SHADER_API_DESKTOP UNITY_HARDWARE_TIER3 UNITY_COLORSPACE_GAMMA ok=1
Cmd: compileSnippet
  api=4 type=0 insize=986 outsize=1670 kw=DIRECTIONAL _ALPHATEST_ON pd=UNITY_NO_DXT5nm UNITY_ENABLE_REFLECTION_BUFFERS UNITY_NO_SCREENSPACE_SHADOWS UNITY_PBS_USE_BRDF2 SHADER_API_DESKTOP UNITY_HARDWARE_TIER3 UNITY_COLORSPACE_GAMMA ok=1
Cmd: compileSnippet
  api=4 type=1 insize=986 outsize=2286 kw=DIRECTIONAL _ALPHATEST_ON pd=UNITY_NO_DXT5nm UNITY_ENABLE_REFLECTION_BUFFERS UNITY_NO_SCREENSPACE_SHADOWS UNITY_PBS_USE_BRDF2 SHADER_API_DESKTOP UNITY_HARDWARE_TIER3 UNITY_COLORSPACE_GAMMA ok=1
Cmd: compileSnippet
  api=4 type=0 insize=802 outsize=1534 kw=SHADOWS_DEPTH _ALPHABLEND_ON pd=UNITY_NO_DXT5nm UNITY_ENABLE_REFLECTION_BUFFERS UNITY_NO_SCREENSPACE_SHADOWS UNITY_PBS_USE_BRDF2 SHADER_API_DESKTOP UNITY_HARDWARE_TIER3 UNITY_COLORSPACE_GAMMA ok=1
Cmd: compileSnippet
  api=4 type=1 insize=802 outsize=406 kw=SHADOWS_DEPTH _ALPHABLEND_ON pd=UNITY_NO_DXT5nm UNITY_ENABLE_REFLECTION_BUFFERS UNITY_NO_SCREENSPACE_SHADOWS UNITY_PBS_USE_BRDF2 SHADER_API_DESKTOP UNITY_HARDWARE_TIER3 UNITY_COLORSPACE_GAMMA ok=1
Cmd: compileSnippet
  api=4 type=0 insize=1097 outsize=1874 kw=DIRECTIONAL _ALPHABLEND_ON pd=UNITY_NO_DXT5nm UNITY_ENABLE_REFLECTION_BUFFERS UNITY_NO_SCREENSPACE_SHADOWS UNITY_PBS_USE_BRDF2 SHADER_API_DESKTOP UNITY_HARDWARE_TIER3 UNITY_COLORSPACE_GAMMA ok=1
Cmd: compileSnippet
  api=4 type=1 insize=1097 outsize=4450 kw=DIRECTIONAL _ALPHABLEND_ON pd=UNITY_NO_DXT5nm UNITY_ENABLE_REFLECTION_BUFFERS UNITY_NO_SCREENSPACE_SHADOWS UNITY_PBS_USE_BRDF2 SHADER_API_DESKTOP UNITY_HARDWARE_TIER3 UNITY_COLORSPACE_GAMMA ok=1
Cmd: compileSnippet
  api=4 type=0 insize=986 outsize=1670 kw=DIRECTIONAL _ALPHABLEND_ON pd=UNITY_NO_DXT5nm UNITY_ENABLE_REFLECTION_BUFFERS UNITY_NO_SCREENSPACE_SHADOWS UNITY_PBS_USE_BRDF2 SHADER_API_DESKTOP UNITY_HARDWARE_TIER3 UNITY_COLORSPACE_GAMMA ok=1
Cmd: compileSnippet
  api=4 type=1 insize=986 outsize=2210 kw=DIRECTIONAL _ALPHABLEND_ON pd=UNITY_NO_DXT5nm UNITY_ENABLE_REFLECTION_BUFFERS UNITY_NO_SCREENSPACE_SHADOWS UNITY_PBS_USE_BRDF2 SHADER_API_DESKTOP UNITY_HARDWARE_TIER3 UNITY_COLORSPACE_GAMMA ok=1
Cmd: compileSnippet
  api=4 type=0 insize=1058 outsize=538 kw= pd=UNITY_NO_DXT5nm UNITY_ENABLE_REFLECTION_BUFFERS UNITY_NO_SCREENSPACE_SHADOWS UNITY_PBS_USE_BRDF2 SHADER_API_DESKTOP UNITY_HARDWARE_TIER3 UNITY_COLORSPACE_GAMMA ok=1
Cmd: compileSnippet
  api=4 type=1 insize=1058 outsize=246 kw= pd=UNITY_NO_DXT5nm UNITY_ENABLE_REFLECTION_BUFFERS UNITY_NO_SCREENSPACE_SHADOWS UNITY_PBS_USE_BRDF2 SHADER_API_DESKTOP UNITY_HARDWARE_TIER3 UNITY_COLORSPACE_GAMMA ok=1
Cmd: compileSnippet
  api=4 type=0 insize=798 outsize=1534 kw=SHADOWS_DEPTH _ALPHABLEND_ON pd=UNITY_NO_DXT5nm UNITY_ENABLE_REFLECTION_BUFFERS UNITY_NO_SCREENSPACE_SHADOWS UNITY_PBS_USE_BRDF2 SHADER_API_DESKTOP UNITY_HARDWARE_TIER3 UNITY_COLORSPACE_GAMMA ok=1
Cmd: compileSnippet
  api=4 type=1 insize=798 outsize=406 kw=SHADOWS_DEPTH _ALPHABLEND_ON pd=UNITY_NO_DXT5nm UNITY_ENABLE_REFLECTION_BUFFERS UNITY_NO_SCREENSPACE_SHADOWS UNITY_PBS_USE_BRDF2 SHADER_API_DESKTOP UNITY_HARDWARE_TIER3 UNITY_COLORSPACE_GAMMA ok=1
Cmd: compileSnippet
  api=4 type=0 insize=1093 outsize=1874 kw=DIRECTIONAL _ALPHABLEND_ON pd=UNITY_NO_DXT5nm UNITY_ENABLE_REFLECTION_BUFFERS UNITY_NO_SCREENSPACE_SHADOWS UNITY_PBS_USE_BRDF2 SHADER_API_DESKTOP UNITY_HARDWARE_TIER3 UNITY_COLORSPACE_GAMMA ok=1
Cmd: compileSnippet
  api=4 type=1 insize=1093 outsize=4414 kw=DIRECTIONAL _ALPHABLEND_ON pd=UNITY_NO_DXT5nm UNITY_ENABLE_REFLECTION_BUFFERS UNITY_NO_SCREENSPACE_SHADOWS UNITY_PBS_USE_BRDF2 SHADER_API_DESKTOP UNITY_HARDWARE_TIER3 UNITY_COLORSPACE_GAMMA ok=1
Cmd: compileSnippet
  api=4 type=0 insize=981 outsize=1670 kw=DIRECTIONAL _ALPHABLEND_ON pd=UNITY_NO_DXT5nm UNITY_ENABLE_REFLECTION_BUFFERS UNITY_NO_SCREENSPACE_SHADOWS UNITY_PBS_USE_BRDF2 SHADER_API_DESKTOP UNITY_HARDWARE_TIER3 UNITY_COLORSPACE_GAMMA ok=1
Cmd: compileSnippet
  api=4 type=1 insize=981 outsize=2166 kw=DIRECTIONAL _ALPHABLEND_ON pd=UNITY_NO_DXT5nm UNITY_ENABLE_REFLECTION_BUFFERS UNITY_NO_SCREENSPACE_SHADOWS UNITY_PBS_USE_BRDF2 SHADER_API_DESKTOP UNITY_HARDWARE_TIER3 UNITY_COLORSPACE_GAMMA ok=1
Cmd: compileSnippet
  api=4 type=0 insize=798 outsize=1414 kw=SHADOWS_DEPTH pd=UNITY_NO_DXT5nm UNITY_ENABLE_REFLECTION_BUFFERS UNITY_NO_SCREENSPACE_SHADOWS UNITY_PBS_USE_BRDF2 SHADER_API_DESKTOP UNITY_HARDWARE_TIER3 UNITY_COLORSPACE_GAMMA ok=1
Cmd: compileSnippet
  api=4 type=1 insize=798 outsize=182 kw=SHADOWS_DEPTH pd=UNITY_NO_DXT5nm UNITY_ENABLE_REFLECTION_BUFFERS UNITY_NO_SCREENSPACE_SHADOWS UNITY_PBS_USE_BRDF2 SHADER_API_DESKTOP UNITY_HARDWARE_TIER3 UNITY_COLORSPACE_GAMMA ok=1
Cmd: compileSnippet
  api=4 type=0 insize=1093 outsize=1874 kw=DIRECTIONAL pd=UNITY_NO_DXT5nm UNITY_ENABLE_REFLECTION_BUFFERS UNITY_NO_SCREENSPACE_SHADOWS UNITY_PBS_USE_BRDF2 SHADER_API_DESKTOP UNITY_HARDWARE_TIER3 UNITY_COLORSPACE_GAMMA ok=1
Cmd: compileSnippet
  api=4 type=1 insize=1093 outsize=4402 kw=DIRECTIONAL pd=UNITY_NO_DXT5nm UNITY_ENABLE_REFLECTION_BUFFERS UNITY_NO_SCREENSPACE_SHADOWS UNITY_PBS_USE_BRDF2 SHADER_API_DESKTOP UNITY_HARDWARE_TIER3 UNITY_COLORSPACE_GAMMA ok=1
Cmd: compileSnippet
  api=4 type=0 insize=981 outsize=1670 kw=DIRECTIONAL pd=UNITY_NO_DXT5nm UNITY_ENABLE_REFLECTION_BUFFERS UNITY_NO_SCREENSPACE_SHADOWS UNITY_PBS_USE_BRDF2 SHADER_API_DESKTOP UNITY_HARDWARE_TIER3 UNITY_COLORSPACE_GAMMA ok=1
Cmd: compileSnippet
  api=4 type=1 insize=981 outsize=2154 kw=DIRECTIONAL pd=UNITY_NO_DXT5nm UNITY_ENABLE_REFLECTION_BUFFERS UNITY_NO_SCREENSPACE_SHADOWS UNITY_PBS_USE_BRDF2 SHADER_API_DESKTOP UNITY_HARDWARE_TIER3 UNITY_COLORSPACE_GAMMA ok=1
Cmd: compileSnippet
  api=4 type=0 insize=28540 outsize=2046 kw=DIRECTIONAL ETC1_EXTERNAL_ALPHA pd=UNITY_NO_DXT5nm UNITY_ENABLE_REFLECTION_BUFFERS UNITY_NO_SCREENSPACE_SHADOWS UNITY_PBS_USE_BRDF2 SHADER_API_DESKTOP UNITY_HARDWARE_TIER3 UNITY_COLORSPACE_GAMMA ok=1
Cmd: compileSnippet
  api=4 type=1 insize=28540 outsize=1498 kw=DIRECTIONAL ETC1_EXTERNAL_ALPHA pd=UNITY_NO_DXT5nm UNITY_ENABLE_REFLECTION_BUFFERS UNITY_NO_SCREENSPACE_SHADOWS UNITY_PBS_USE_BRDF2 SHADER_API_DESKTOP UNITY_HARDWARE_TIER3 UNITY_COLORSPACE_GAMMA ok=1
Cmd: compileSnippet
  api=4 type=0 insize=17120 outsize=1378 kw=DIRECTIONAL ETC1_EXTERNAL_ALPHA pd=UNITY_NO_DXT5nm UNITY_ENABLE_REFLECTION_BUFFERS UNITY_NO_SCREENSPACE_SHADOWS UNITY_PBS_USE_BRDF2 SHADER_API_DESKTOP UNITY_HARDWARE_TIER3 UNITY_COLORSPACE_GAMMA ok=1
Cmd: compileSnippet
  api=4 type=1 insize=17120 outsize=1426 kw=DIRECTIONAL ETC1_EXTERNAL_ALPHA pd=UNITY_NO_DXT5nm UNITY_ENABLE_REFLECTION_BUFFERS UNITY_NO_SCREENSPACE_SHADOWS UNITY_PBS_USE_BRDF2 SHADER_API_DESKTOP UNITY_HARDWARE_TIER3 UNITY_COLORSPACE_GAMMA ok=1
Cmd: compileSnippet
  api=4 type=0 insize=1231 outsize=690 kw= pd=UNITY_NO_DXT5nm UNITY_ENABLE_REFLECTION_BUFFERS UNITY_NO_SCREENSPACE_SHADOWS UNITY_PBS_USE_BRDF2 SHADER_API_DESKTOP UNITY_HARDWARE_TIER3 UNITY_COLORSPACE_GAMMA ok=1
Cmd: compileSnippet
  api=4 type=1 insize=1231 outsize=346 kw= pd=UNITY_NO_DXT5nm UNITY_ENABLE_REFLECTION_BUFFERS UNITY_NO_SCREENSPACE_SHADOWS UNITY_PBS_USE_BRDF2 SHADER_API_DESKTOP UNITY_HARDWARE_TIER3 UNITY_COLORSPACE_GAMMA ok=1
Cmd: compileSnippet
  api=4 type=0 insize=31320 outsize=1846 kw=DIRECTIONAL pd=UNITY_NO_DXT5nm UNITY_ENABLE_REFLECTION_BUFFERS UNITY_NO_SCREENSPACE_SHADOWS UNITY_PBS_USE_BRDF2 SHADER_API_DESKTOP UNITY_HARDWARE_TIER3 UNITY_COLORSPACE_GAMMA ok=1
Cmd: compileSnippet
  api=4 type=1 insize=31320 outsize=2266 kw=DIRECTIONAL pd=UNITY_NO_DXT5nm UNITY_ENABLE_REFLECTION_BUFFERS UNITY_NO_SCREENSPACE_SHADOWS UNITY_PBS_USE_BRDF2 SHADER_API_DESKTOP UNITY_HARDWARE_TIER3 UNITY_COLORSPACE_GAMMA ok=1
Cmd: compileSnippet
  api=4 type=0 insize=13181 outsize=1822 kw=DIRECTIONAL pd=UNITY_NO_DXT5nm UNITY_ENABLE_REFLECTION_BUFFERS UNITY_NO_SCREENSPACE_SHADOWS UNITY_PBS_USE_BRDF2 SHADER_API_DESKTOP UNITY_HARDWARE_TIER3 UNITY_COLORSPACE_GAMMA ok=1
Cmd: compileSnippet
  api=4 type=1 insize=13181 outsize=2258 kw=DIRECTIONAL pd=UNITY_NO_DXT5nm UNITY_ENABLE_REFLECTION_BUFFERS UNITY_NO_SCREENSPACE_SHADOWS UNITY_PBS_USE_BRDF2 SHADER_API_DESKTOP UNITY_HARDWARE_TIER3 UNITY_COLORSPACE_GAMMA ok=1
Cmd: compileSnippet
  api=4 type=0 insize=2015 outsize=1006 kw= pd=UNITY_NO_DXT5nm UNITY_ENABLE_REFLECTION_BUFFERS UNITY_NO_SCREENSPACE_SHADOWS UNITY_PBS_USE_BRDF2 SHADER_API_DESKTOP UNITY_HARDWARE_TIER3 UNITY_COLORSPACE_GAMMA ok=1
Cmd: compileSnippet
  api=4 type=1 insize=2015 outsize=906 kw= pd=UNITY_NO_DXT5nm UNITY_ENABLE_REFLECTION_BUFFERS UNITY_NO_SCREENSPACE_SHADOWS UNITY_PBS_USE_BRDF2 SHADER_API_DESKTOP UNITY_HARDWARE_TIER3 UNITY_COLORSPACE_GAMMA ok=1
Cmd: compileSnippet
  api=4 type=0 insize=802 outsize=1534 kw=SHADOWS_DEPTH _ALPHAPREMULTIPLY_ON pd=UNITY_NO_DXT5nm UNITY_ENABLE_REFLECTION_BUFFERS UNITY_NO_SCREENSPACE_SHADOWS UNITY_PBS_USE_BRDF2 SHADER_API_DESKTOP UNITY_HARDWARE_TIER3 UNITY_COLORSPACE_GAMMA ok=1
Cmd: compileSnippet
  api=4 type=1 insize=802 outsize=538 kw=SHADOWS_DEPTH _ALPHAPREMULTIPLY_ON pd=UNITY_NO_DXT5nm UNITY_ENABLE_REFLECTION_BUFFERS UNITY_NO_SCREENSPACE_SHADOWS UNITY_PBS_USE_BRDF2 SHADER_API_DESKTOP UNITY_HARDWARE_TIER3 UNITY_COLORSPACE_GAMMA ok=1
Cmd: compileSnippet
  api=4 type=0 insize=1097 outsize=1874 kw=DIRECTIONAL _ALPHAPREMULTIPLY_ON pd=UNITY_NO_DXT5nm UNITY_ENABLE_REFLECTION_BUFFERS UNITY_NO_SCREENSPACE_SHADOWS UNITY_PBS_USE_BRDF2 SHADER_API_DESKTOP UNITY_HARDWARE_TIER3 UNITY_COLORSPACE_GAMMA ok=1
Cmd: compileSnippet
  api=4 type=1 insize=1097 outsize=4482 kw=DIRECTIONAL _ALPHAPREMULTIPLY_ON pd=UNITY_NO_DXT5nm UNITY_ENABLE_REFLECTION_BUFFERS UNITY_NO_SCREENSPACE_SHADOWS UNITY_PBS_USE_BRDF2 SHADER_API_DESKTOP UNITY_HARDWARE_TIER3 UNITY_COLORSPACE_GAMMA ok=1
Cmd: compileSnippet
  api=4 type=0 insize=986 outsize=1670 kw=DIRECTIONAL _ALPHAPREMULTIPLY_ON pd=UNITY_NO_DXT5nm UNITY_ENABLE_REFLECTION_BUFFERS UNITY_NO_SCREENSPACE_SHADOWS UNITY_PBS_USE_BRDF2 SHADER_API_DESKTOP UNITY_HARDWARE_TIER3 UNITY_COLORSPACE_GAMMA ok=1
Cmd: compileSnippet
  api=4 type=1 insize=986 outsize=2274 kw=DIRECTIONAL _ALPHAPREMULTIPLY_ON pd=UNITY_NO_DXT5nm UNITY_ENABLE_REFLECTION_BUFFERS UNITY_NO_SCREENSPACE_SHADOWS UNITY_PBS_USE_BRDF2 SHADER_API_DESKTOP UNITY_HARDWARE_TIER3 UNITY_COLORSPACE_GAMMA ok=1
Cmd: compileSnippet
  api=4 type=0 insize=560 outsize=1030 kw=INSTANCING_ON ETC1_EXTERNAL_ALPHA pd=UNITY_NO_DXT5nm UNITY_ENABLE_REFLECTION_BUFFERS UNITY_NO_SCREENSPACE_SHADOWS UNITY_PBS_USE_BRDF2 SHADER_API_DESKTOP UNITY_HARDWARE_TIER3 UNITY_COLORSPACE_GAMMA ok=1
Cmd: compileSnippet
  api=4 type=1 insize=560 outsize=574 kw=INSTANCING_ON ETC1_EXTERNAL_ALPHA pd=UNITY_NO_DXT5nm UNITY_ENABLE_REFLECTION_BUFFERS UNITY_NO_SCREENSPACE_SHADOWS UNITY_PBS_USE_BRDF2 SHADER_API_DESKTOP UNITY_HARDWARE_TIER3 UNITY_COLORSPACE_GAMMA ok=1
Cmd: compileSnippet
  api=4 type=0 insize=560 outsize=1038 kw=ETC1_EXTERNAL_ALPHA PIXELSNAP_ON pd=UNITY_NO_DXT5nm UNITY_ENABLE_REFLECTION_BUFFERS UNITY_NO_SCREENSPACE_SHADOWS UNITY_PBS_USE_BRDF2 SHADER_API_DESKTOP UNITY_HARDWARE_TIER3 UNITY_COLORSPACE_GAMMA ok=1
Cmd: compileSnippet
  api=4 type=1 insize=560 outsize=574 kw=ETC1_EXTERNAL_ALPHA PIXELSNAP_ON pd=UNITY_NO_DXT5nm UNITY_ENABLE_REFLECTION_BUFFERS UNITY_NO_SCREENSPACE_SHADOWS UNITY_PBS_USE_BRDF2 SHADER_API_DESKTOP UNITY_HARDWARE_TIER3 UNITY_COLORSPACE_GAMMA ok=1
Cmd: compileSnippet
  api=4 type=0 insize=1097 outsize=1874 kw=DIRECTIONAL _ALPHATEST_ON _SMOOTHNESS_TEXTURE_ALBEDO_CHANNEL_A pd=UNITY_NO_DXT5nm UNITY_ENABLE_REFLECTION_BUFFERS UNITY_NO_SCREENSPACE_SHADOWS UNITY_PBS_USE_BRDF2 SHADER_API_DESKTOP UNITY_HARDWARE_TIER3 UNITY_COLORSPACE_GAMMA ok=1
Cmd: compileSnippet
  api=4 type=1 insize=1097 outsize=4534 kw=DIRECTIONAL _ALPHATEST_ON _SMOOTHNESS_TEXTURE_ALBEDO_CHANNEL_A pd=UNITY_NO_DXT5nm UNITY_ENABLE_REFLECTION_BUFFERS UNITY_NO_SCREENSPACE_SHADOWS UNITY_PBS_USE_BRDF2 SHADER_API_DESKTOP UNITY_HARDWARE_TIER3 UNITY_COLORSPACE_GAMMA ok=1
Cmd: compileSnippet
  api=4 type=0 insize=986 outsize=1670 kw=DIRECTIONAL _ALPHATEST_ON _SMOOTHNESS_TEXTURE_ALBEDO_CHANNEL_A pd=UNITY_NO_DXT5nm UNITY_ENABLE_REFLECTION_BUFFERS UNITY_NO_SCREENSPACE_SHADOWS UNITY_PBS_USE_BRDF2 SHADER_API_DESKTOP UNITY_HARDWARE_TIER3 UNITY_COLORSPACE_GAMMA ok=1
Cmd: compileSnippet
  api=4 type=1 insize=986 outsize=2286 kw=DIRECTIONAL _ALPHATEST_ON _SMOOTHNESS_TEXTURE_ALBEDO_CHANNEL_A pd=UNITY_NO_DXT5nm UNITY_ENABLE_REFLECTION_BUFFERS UNITY_NO_SCREENSPACE_SHADOWS UNITY_PBS_USE_BRDF2 SHADER_API_DESKTOP UNITY_HARDWARE_TIER3 UNITY_COLORSPACE_GAMMA ok=1
Cmd: compileSnippet
  api=4 type=0 insize=1097 outsize=1874 kw=DIRECTIONAL _ALPHATEST_ON _SPECULARHIGHLIGHTS_OFF pd=UNITY_NO_DXT5nm UNITY_ENABLE_REFLECTION_BUFFERS UNITY_NO_SCREENSPACE_SHADOWS UNITY_PBS_USE_BRDF2 SHADER_API_DESKTOP UNITY_HARDWARE_TIER3 UNITY_COLORSPACE_GAMMA ok=1
Cmd: compileSnippet
  api=4 type=1 insize=1097 outsize=4034 kw=DIRECTIONAL _ALPHATEST_ON _SPECULARHIGHLIGHTS_OFF pd=UNITY_NO_DXT5nm UNITY_ENABLE_REFLECTION_BUFFERS UNITY_NO_SCREENSPACE_SHADOWS UNITY_PBS_USE_BRDF2 SHADER_API_DESKTOP UNITY_HARDWARE_TIER3 UNITY_COLORSPACE_GAMMA ok=1
Cmd: compileSnippet
  api=4 type=0 insize=986 outsize=1670 kw=DIRECTIONAL _ALPHATEST_ON _SPECULARHIGHLIGHTS_OFF pd=UNITY_NO_DXT5nm UNITY_ENABLE_REFLECTION_BUFFERS UNITY_NO_SCREENSPACE_SHADOWS UNITY_PBS_USE_BRDF2 SHADER_API_DESKTOP UNITY_HARDWARE_TIER3 UNITY_COLORSPACE_GAMMA ok=1
Cmd: compileSnippet
  api=4 type=1 insize=986 outsize=1574 kw=DIRECTIONAL _ALPHATEST_ON _SPECULARHIGHLIGHTS_OFF pd=UNITY_NO_DXT5nm UNITY_ENABLE_REFLECTION_BUFFERS UNITY_NO_SCREENSPACE_SHADOWS UNITY_PBS_USE_BRDF2 SHADER_API_DESKTOP UNITY_HARDWARE_TIER3 UNITY_COLORSPACE_GAMMA ok=1
Cmd: compileSnippet
  api=4 type=0 insize=1097 outsize=1874 kw=DIRECTIONAL _ALPHATEST_ON _GLOSSYREFLECTIONS_OFF pd=UNITY_NO_DXT5nm UNITY_ENABLE_REFLECTION_BUFFERS UNITY_NO_SCREENSPACE_SHADOWS UNITY_PBS_USE_BRDF2 SHADER_API_DESKTOP UNITY_HARDWARE_TIER3 UNITY_COLORSPACE_GAMMA ok=1
Cmd: compileSnippet
  api=4 type=1 insize=1097 outsize=4138 kw=DIRECTIONAL _ALPHATEST_ON _GLOSSYREFLECTIONS_OFF pd=UNITY_NO_DXT5nm UNITY_ENABLE_REFLECTION_BUFFERS UNITY_NO_SCREENSPACE_SHADOWS UNITY_PBS_USE_BRDF2 SHADER_API_DESKTOP UNITY_HARDWARE_TIER3 UNITY_COLORSPACE_GAMMA ok=1
Cmd: compileSnippet
  api=4 type=0 insize=1097 outsize=2150 kw=DIRECTIONAL INSTANCING_ON _ALPHATEST_ON _GLOSSYREFLECTIONS_OFF pd=UNITY_NO_DXT5nm UNITY_ENABLE_REFLECTION_BUFFERS UNITY_NO_SCREENSPACE_SHADOWS UNITY_PBS_USE_BRDF2 SHADER_API_DESKTOP UNITY_HARDWARE_TIER3 UNITY_COLORSPACE_GAMMA ok=1
Cmd: compileSnippet
  api=4 type=1 insize=1097 outsize=4174 kw=DIRECTIONAL INSTANCING_ON _ALPHATEST_ON _GLOSSYREFLECTIONS_OFF pd=UNITY_NO_DXT5nm UNITY_ENABLE_REFLECTION_BUFFERS UNITY_NO_SCREENSPACE_SHADOWS UNITY_PBS_USE_BRDF2 SHADER_API_DESKTOP UNITY_HARDWARE_TIER3 UNITY_COLORSPACE_GAMMA ok=1
Cmd: compileSnippet
  api=4 type=0 insize=1097 outsize=1874 kw=DIRECTIONAL _ALPHABLEND_ON _GLOSSYREFLECTIONS_OFF pd=UNITY_NO_DXT5nm UNITY_ENABLE_REFLECTION_BUFFERS UNITY_NO_SCREENSPACE_SHADOWS UNITY_PBS_USE_BRDF2 SHADER_API_DESKTOP UNITY_HARDWARE_TIER3 UNITY_COLORSPACE_GAMMA ok=1
Cmd: compileSnippet
  api=4 type=1 insize=1097 outsize=4062 kw=DIRECTIONAL _ALPHABLEND_ON _GLOSSYREFLECTIONS_OFF pd=UNITY_NO_DXT5nm UNITY_ENABLE_REFLECTION_BUFFERS UNITY_NO_SCREENSPACE_SHADOWS UNITY_PBS_USE_BRDF2 SHADER_API_DESKTOP UNITY_HARDWARE_TIER3 UNITY_COLORSPACE_GAMMA ok=1
Cmd: compileSnippet
  api=4 type=0 insize=1097 outsize=1874 kw=DIRECTIONAL _ALPHAPREMULTIPLY_ON _GLOSSYREFLECTIONS_OFF pd=UNITY_NO_DXT5nm UNITY_ENABLE_REFLECTION_BUFFERS UNITY_NO_SCREENSPACE_SHADOWS UNITY_PBS_USE_BRDF2 SHADER_API_DESKTOP UNITY_HARDWARE_TIER3 UNITY_COLORSPACE_GAMMA ok=1
Cmd: compileSnippet
  api=4 type=1 insize=1097 outsize=4094 kw=DIRECTIONAL _ALPHAPREMULTIPLY_ON _GLOSSYREFLECTIONS_OFF pd=UNITY_NO_DXT5nm UNITY_ENABLE_REFLECTION_BUFFERS UNITY_NO_SCREENSPACE_SHADOWS UNITY_PBS_USE_BRDF2 SHADER_API_DESKTOP UNITY_HARDWARE_TIER3 UNITY_COLORSPACE_GAMMA ok=1
Cmd: compileSnippet
  api=4 type=0 insize=1097 outsize=1874 kw=DIRECTIONAL _GLOSSYREFLECTIONS_OFF pd=UNITY_NO_DXT5nm UNITY_ENABLE_REFLECTION_BUFFERS UNITY_NO_SCREENSPACE_SHADOWS UNITY_PBS_USE_BRDF2 SHADER_API_DESKTOP UNITY_HARDWARE_TIER3 UNITY_COLORSPACE_GAMMA ok=1
Cmd: compileSnippet
  api=4 type=1 insize=1097 outsize=4050 kw=DIRECTIONAL _GLOSSYREFLECTIONS_OFF pd=UNITY_NO_DXT5nm UNITY_ENABLE_REFLECTION_BUFFERS UNITY_NO_SCREENSPACE_SHADOWS UNITY_PBS_USE_BRDF2 SHADER_API_DESKTOP UNITY_HARDWARE_TIER3 UNITY_COLORSPACE_GAMMA ok=1
